<?xml version="1.0" encoding="UTF-8"?>
<testng-results ignored="0" total="3" passed="3" failed="0" skipped="0">
  <reporter-output>
  </reporter-output>
  <suite started-at="2023-08-23T13:48:53 IST" name="WebApp Suite" finished-at="2023-08-23T13:49:26 IST" duration-ms="32611">
    <groups>
    </groups>
    <test started-at="2023-08-23T13:48:53 IST" name="WebApp Test" finished-at="2023-08-23T13:49:26 IST" duration-ms="32611">
      <class name="testcases.TestButtons">
        <test-method signature="testButton()[pri:0, instance:testcases.TestButtons@77c2494c]" started-at="2023-08-23T13:49:16 IST" name="testButton" finished-at="2023-08-23T13:49:26 IST" duration-ms="9767" status="PASS">
          <reporter-output>
          </reporter-output>
        </test-method> <!-- testButton -->
      </class> <!-- testcases.TestButtons -->
      <class name="testcases.HandleOrderNumber">
        <test-method signature="ONtest()[pri:0, instance:testcases.HandleOrderNumber@477b4cdf]" started-at="2023-08-23T13:49:08 IST" name="ONtest" finished-at="2023-08-23T13:49:16 IST" duration-ms="8394" status="PASS">
          <reporter-output>
          </reporter-output>
        </test-method> <!-- ONtest -->
      </class> <!-- testcases.HandleOrderNumber -->
      <class name="testcases.HandleName">
        <test-method is-config="true" signature="setUp()[pri:0, instance:testcases.HandleName@139982de]" started-at="2023-08-23T13:48:53 IST" name="setUp" finished-at="2023-08-23T13:49:00 IST" duration-ms="6291" status="PASS">
          <reporter-output>
          </reporter-output>
        </test-method> <!-- setUp -->
        <test-method signature="nameTest()[pri:0, instance:testcases.HandleName@139982de]" started-at="2023-08-23T13:49:00 IST" name="nameTest" finished-at="2023-08-23T13:49:08 IST" duration-ms="7788" status="PASS">
          <reporter-output>
          </reporter-output>
        </test-method> <!-- nameTest -->
        <test-method is-config="true" signature="tearDown()[pri:0, instance:testcases.HandleName@139982de]" started-at="2023-08-23T13:49:26 IST" name="tearDown" finished-at="2023-08-23T13:49:26 IST" duration-ms="282" status="PASS">
          <reporter-output>
          </reporter-output>
        </test-method> <!-- tearDown -->
      </class> <!-- testcases.HandleName -->
    </test> <!-- WebApp Test -->
  </suite> <!-- WebApp Suite -->
</testng-results>
