<?xml version="1.0" encoding="UTF-8"?>
<!-- Generated by org.testng.reporters.JUnitXMLReporter -->
<testsuite ignored="4" hostname="MSI" failures="0" tests="3" name="WebApp Test" time="28.41" errors="0" timestamp="2023-08-24T14:24:44 IST">
  <testcase classname="testcases.HandleName" name="nameTest" time="7.215"/>
  <testcase classname="testcases.HandleOrderNumber" name="ONtest" time="8.126"/>
  <testcase classname="testcases.TestButtons" name="testButton" time="9.645"/>
  <testcase classname="base.baseTest" name="@AfterTest tearDown" time="0.0">
    <ignored/>
  </testcase> <!-- @AfterTest tearDown -->
  <testcase classname="base.baseTest" name="@AfterTest tearDown" time="0.0">
    <ignored/>
  </testcase> <!-- @AfterTest tearDown -->
  <testcase classname="base.baseTest" name="@BeforeTest setUp" time="0.0">
    <ignored/>
  </testcase> <!-- @BeforeTest setUp -->
  <testcase classname="base.baseTest" name="@BeforeTest setUp" time="0.0">
    <ignored/>
  </testcase> <!-- @BeforeTest setUp -->
</testsuite> <!-- WebApp Test -->
