<?xml version="1.0" encoding="UTF-8"?>
<!-- Generated by org.testng.reporters.JUnitXMLReporter -->
<testsuite ignored="4" hostname="MSI" failures="0" tests="3" name="WebApp Test" time="32.611" errors="0" timestamp="2023-08-23T13:49:26 IST">
  <testcase classname="testcases.HandleName" name="nameTest" time="7.788"/>
  <testcase classname="testcases.HandleOrderNumber" name="ONtest" time="8.394"/>
  <testcase classname="testcases.TestButtons" name="testButton" time="9.767"/>
  <testcase classname="base.baseTest" name="@BeforeTest setUp" time="0.0">
    <ignored/>
  </testcase> <!-- @BeforeTest setUp -->
  <testcase classname="base.baseTest" name="@AfterTest tearDown" time="0.0">
    <ignored/>
  </testcase> <!-- @AfterTest tearDown -->
  <testcase classname="base.baseTest" name="@AfterTest tearDown" time="0.0">
    <ignored/>
  </testcase> <!-- @AfterTest tearDown -->
  <testcase classname="base.baseTest" name="@BeforeTest setUp" time="0.0">
    <ignored/>
  </testcase> <!-- @BeforeTest setUp -->
</testsuite> <!-- WebApp Test -->
